0 info it worked if it ends with ok
1 verbose cli [ 'C:\\Program Files\\nodejs\\node.exe',
1 verbose cli   'C:\\Program Files\\nodejs\\node_modules\\npm\\bin\\npm-cli.js',
1 verbose cli   'run',
1 verbose cli   'build' ]
2 info using npm@4.1.2
3 info using node@v7.6.0
4 verbose run-script [ 'prebuild', 'build', 'postbuild' ]
5 info lifecycle react@1.0.0~prebuild: react@1.0.0
6 silly lifecycle react@1.0.0~prebuild: no script for prebuild, continuing
7 info lifecycle react@1.0.0~build: react@1.0.0
8 verbose lifecycle react@1.0.0~build: unsafe-perm in lifecycle true
9 verbose lifecycle react@1.0.0~build: PATH: C:\Program Files\nodejs\node_modules\npm\bin\node-gyp-bin;C:\Users\MSPURGIA\Documents\szkolenie_Kodilla_JS\ES6\node_modules\.bin;C:\Program Files (x86)\Intel\iCLS Client\;C:\Program Files\Intel\iCLS Client\;C:\WINDOWS\system32;C:\WINDOWS;C:\WINDOWS\System32\Wbem;C:\WINDOWS\System32\WindowsPowerShell\v1.0\;C:\Program Files (x86)\Intel\Intel(R) Management Engine Components\DAL;C:\Program Files\Intel\Intel(R) Management Engine Components\DAL;C:\Program Files (x86)\Intel\Intel(R) Management Engine Components\IPT;C:\Program Files\Intel\Intel(R) Management Engine Components\IPT;C:\Program Files\nodejs\;C:\Program Files\Git\cmd;C:\Program Files (x86)\Skype\Phone\;C:\Users\MSPURGIA\bin\Sencha\Cmd\6.1.3.42/..;C:\Program Files (x86)\IDM Computer Solutions\UltraEdit;C:\Users\MSPURGIA\AppData\Roaming\npm;C:\Program Files (x86)\Microsoft VS Code\bin
10 verbose lifecycle react@1.0.0~build: CWD: C:\Users\MSPURGIA\Documents\szkolenie_Kodilla_JS\ES6
11 silly lifecycle react@1.0.0~build: Args: [ '/d /s /c', 'babel script.js --watch --out-file build.js' ]
12 silly lifecycle react@1.0.0~build: Returned: code: 1  signal: null
13 info lifecycle react@1.0.0~build: Failed to exec build script
14 verbose stack Error: react@1.0.0 build: `babel script.js --watch --out-file build.js`
14 verbose stack Exit status 1
14 verbose stack     at EventEmitter.<anonymous> (C:\Program Files\nodejs\node_modules\npm\lib\utils\lifecycle.js:279:16)
14 verbose stack     at emitTwo (events.js:106:13)
14 verbose stack     at EventEmitter.emit (events.js:192:7)
14 verbose stack     at ChildProcess.<anonymous> (C:\Program Files\nodejs\node_modules\npm\lib\utils\spawn.js:40:14)
14 verbose stack     at emitTwo (events.js:106:13)
14 verbose stack     at ChildProcess.emit (events.js:192:7)
14 verbose stack     at maybeClose (internal/child_process.js:890:16)
14 verbose stack     at Process.ChildProcess._handle.onexit (internal/child_process.js:226:5)
15 verbose pkgid react@1.0.0
16 verbose cwd C:\Users\MSPURGIA\Documents\szkolenie_Kodilla_JS\ES6
17 error Windows_NT 6.1.7601
18 error argv "C:\\Program Files\\nodejs\\node.exe" "C:\\Program Files\\nodejs\\node_modules\\npm\\bin\\npm-cli.js" "run" "build"
19 error node v7.6.0
20 error npm  v4.1.2
21 error code ELIFECYCLE
22 error react@1.0.0 build: `babel script.js --watch --out-file build.js`
22 error Exit status 1
23 error Failed at the react@1.0.0 build script 'babel script.js --watch --out-file build.js'.
23 error Make sure you have the latest version of node.js and npm installed.
23 error If you do, this is most likely a problem with the react package,
23 error not with npm itself.
23 error Tell the author that this fails on your system:
23 error     babel script.js --watch --out-file build.js
23 error You can get information on how to open an issue for this project with:
23 error     npm bugs react
23 error Or if that isn't available, you can get their info via:
23 error     npm owner ls react
23 error There is likely additional logging output above.
24 verbose exit [ 1, true ]
